C51 COMPILER V9.60.0.0   KEY                                                               01/29/2022 15:22:55 PAGE 1   


C51 COMPILER V9.60.0.0, COMPILATION OF MODULE KEY
OBJECT MODULE PLACED IN .\Objects\Key.obj
COMPILER INVOKED BY: D:\Program files\Keil\C51\BIN\C51.EXE Key.c OPTIMIZE(8,SPEED) BROWSE DEBUG OBJECTEXTEND PRINT(.\Lis
                    -tings\Key.lst) TABS(2) OBJECT(.\Objects\Key.obj)

line level    source

   1          #include <REGX52.H>
   2          #include "Delay.h"
   3          
   4          /**
   5           * @brief 获取独立按键键盘码
   6           * @retval 键盘号 范围：0~4
   7           * @return unsigned char 
   8           */
   9          unsigned char Key()
  10          {
  11   1          unsigned char KeyNum = 0;
  12   1      
  13   1          if(P2_3 == 0)   {Delay(20); while(P2_3 == 0); Delay(20); KeyNum = 1;}
  14   1          if(P2_2 == 0)   {Delay(20); while(P2_2 == 0); Delay(20); KeyNum = 2;}
  15   1          if(P2_1 == 0)   {Delay(20); while(P2_1 == 0); Delay(20); KeyNum = 3;}
  16   1          if(P2_0 == 0)   {Delay(20); while(P2_0 == 0); Delay(20); KeyNum = 4;}
  17   1      
  18   1          return KeyNum;
  19   1      }


MODULE INFORMATION:   STATIC OVERLAYABLE
   CODE SIZE        =     97    ----
   CONSTANT SIZE    =   ----    ----
   XDATA SIZE       =   ----    ----
   PDATA SIZE       =   ----    ----
   DATA SIZE        =   ----       1
   IDATA SIZE       =   ----    ----
   BIT SIZE         =   ----    ----
END OF MODULE INFORMATION.


C51 COMPILATION COMPLETE.  0 WARNING(S),  0 ERROR(S)
