C51 COMPILER V9.60.0.0   MAIN1                                                             01/29/2022 15:24:12 PAGE 1   


C51 COMPILER V9.60.0.0, COMPILATION OF MODULE MAIN1
OBJECT MODULE PLACED IN .\Objects\main1.obj
COMPILER INVOKED BY: D:\Program files\Keil\C51\BIN\C51.EXE main1.c OPTIMIZE(8,SPEED) BROWSE DEBUG OBJECTEXTEND PRINT(.\L
                    -istings\main1.lst) TABS(2) OBJECT(.\Objects\main1.obj)

line level    source

   1          #include <REGX52.H>
   2          #include "Delay.h"
   3          #include "LCD1602.h"
   4          #include "Key.h"
   5          #include "AT24C02.h"
   6          
   7          unsigned char KeyNum;
   8          unsigned int Num;
   9          
  10          void main()
  11          {
  12   1          LCD_Init();
  13   1          LCD_ShowNum(1, 1, Num, 5);
  14   1          while (1)
  15   1          {
  16   2              KeyNum = Key();
  17   2              if (KeyNum == 1)
  18   2              {
  19   3                  Num++;
  20   3                  LCD_ShowNum(1, 1, Num, 5);
  21   3              }
  22   2              if (KeyNum == 2)
  23   2              {
  24   3                  Num--;
  25   3                  LCD_ShowNum(1, 1, Num, 5);
  26   3              }
  27   2      
  28   2              if (KeyNum == 3)
  29   2              {
  30   3                  AT24C02_WriteByte(0, Num % 256);
  31   3                  Delay(5);
  32   3                  AT24C02_WriteByte(1, Num >> 8);
  33   3                  Delay(5);
  34   3                  LCD_ShowString(2, 1, "Write OK!");
  35   3                  Delay(1000);
  36   3                  LCD_ShowString(2, 1, "         ");
  37   3              }
  38   2      
  39   2              if (KeyNum == 4)
  40   2              {
  41   3                  Num = AT24C02_ReadByte(0);
  42   3                  Num |= AT24C02_ReadByte(1) << 8;
  43   3                  LCD_ShowNum(1, 1, Num, 5);
  44   3                  LCD_ShowString(2, 1, "Read OK!");
  45   3                  Delay(1000);
  46   3                  LCD_ShowString(2, 1, "        ");
  47   3              }
  48   2          }
  49   1      }


MODULE INFORMATION:   STATIC OVERLAYABLE
   CODE SIZE        =    221    ----
   CONSTANT SIZE    =     38    ----
C51 COMPILER V9.60.0.0   MAIN1                                                             01/29/2022 15:24:12 PAGE 2   

   XDATA SIZE       =   ----    ----
   PDATA SIZE       =   ----    ----
   DATA SIZE        =      3    ----
   IDATA SIZE       =   ----    ----
   BIT SIZE         =   ----    ----
END OF MODULE INFORMATION.


C51 COMPILATION COMPLETE.  0 WARNING(S),  0 ERROR(S)
