C51 COMPILER V9.60.0.0   MAIN2                                                             01/14/2022 11:40:17 PAGE 1   


C51 COMPILER V9.60.0.0, COMPILATION OF MODULE MAIN2
OBJECT MODULE PLACED IN .\Objects\main2.obj
COMPILER INVOKED BY: D:\Program files\Keil\C51\BIN\C51.EXE main2.c OPTIMIZE(8,SPEED) BROWSE DEBUG OBJECTEXTEND PRINT(.\L
                    -istings\main2.lst) TABS(2) OBJECT(.\Objects\main2.obj)

line level    source

   1          #include <REGX52.H>
   2          #include <INTRINS.H>
   3          #include "BasicalFunc.h"
   4          
   5          unsigned char Sec, Min, Hour;
   6          
   7          void main()
   8          {
   9   1          LCD_Init();
  10   1          Timer0_Init();
  11   1          LCD_ShowString(1, 1, "CLOCK:");
  12   1          LCD_ShowString(2, 1, "  :  :");
  13   1          while (1)
  14   1          {
  15   2              LCD_ShowNum(2, 1, Hour, 2);
  16   2              LCD_ShowNum(2, 4, Min, 2);
  17   2              LCD_ShowNum(2, 7, Sec, 2);
  18   2          }
  19   1      }
  20          
  21          void Timer0_Routine() interrupt 1
  22          {
  23   1          static unsigned int T0_Count = 0;
  24   1          TL0 = 0x18;
  25   1          TH0 = 0xFC;
  26   1          T0_Count++;
  27   1          if (T0_Count >= 1000)
  28   1          {
  29   2              T0_Count = 0;
  30   2              Sec++;
  31   2              if (Sec >= 60)
  32   2              {
  33   3                  Sec = 0;
  34   3                  Min++;
  35   3                  if (Min >= 60)
  36   3                  {
  37   4                      Min = 0;
  38   4                      Hour++;
  39   4                      if (Hour >= 24)
  40   4                      {
  41   5                          Hour = 0;
  42   5                      }
  43   4                  }
  44   3              }
  45   2          }
  46   1      }


MODULE INFORMATION:   STATIC OVERLAYABLE
   CODE SIZE        =    162    ----
   CONSTANT SIZE    =     14    ----
   XDATA SIZE       =   ----    ----
   PDATA SIZE       =   ----    ----
   DATA SIZE        =      5    ----
C51 COMPILER V9.60.0.0   MAIN2                                                             01/14/2022 11:40:17 PAGE 2   

   IDATA SIZE       =   ----    ----
   BIT SIZE         =   ----    ----
END OF MODULE INFORMATION.


C51 COMPILATION COMPLETE.  0 WARNING(S),  0 ERROR(S)
