C51 COMPILER V9.60.0.0   MAIN1                                                             01/13/2022 17:26:46 PAGE 1   


C51 COMPILER V9.60.0.0, COMPILATION OF MODULE MAIN1
OBJECT MODULE PLACED IN .\Objects\main1.obj
COMPILER INVOKED BY: D:\Program files\Keil\C51\BIN\C51.EXE main1.c OPTIMIZE(8,SPEED) BROWSE DEBUG OBJECTEXTEND PRINT(.\L
                    -istings\main1.lst) TABS(2) OBJECT(.\Objects\main1.obj)

line level    source

   1          #include <REGX52.H>
   2          #include "BasicalFunc.h"
   3          // void Timer0_Init()
   4          //{
   5          //     // TMOD = 0x01; // 0000 0001
   6          //     TMOD = TMOD & 0xF0; //低四位清零
   7          //     TMOD = TMOD | 0x01; //最低位置1
   8          //     TF0 = 0;
   9          //     TR0 = 1;
  10          //     TH0 = 64535 >> 8;
  11          //     TL0 = 64535 % 256;
  12          //     ET0 = 1;
  13          //     EA = 1;
  14          //     PT0 = 0;
  15          // }
  16          
  17          // void Timer0Init(void)    //1毫秒@12.000MHz
  18          //{
  19          //  TMOD &= 0xF0;   //设置定时器模式
  20          //  TMOD |= 0x01;   //设置定时器模式
  21          //  TL0 = 0x18;   //设置定时初始值
  22          //  TH0 = 0xFC;   //设置定时初始值
  23          //  TF0 = 0;    //清除TF0标志
  24          //  TR0 = 1;    //定时器0开始计时
  25          //     ET0 = 1;
  26          //     EA = 1;
  27          //     PT0 = 0;
  28          // }
  29          
  30          unsigned char KeyNum;
  31          
  32          void main()
  33          {
  34   1          // Timer0Init();
  35   1          while (1)
  36   1          {
  37   2              KeyNum = Key();
  38   2              switch (KeyNum)
  39   2              {
  40   3              case 1:
  41   3                  P0_0 = ~P0_0;
  42   3                  break;
  43   3              case 2:
  44   3                  P0_1 = ~P0_1;
  45   3                  break;
  46   3              case 3:
  47   3                  P0_2 = ~P0_2;
  48   3                  break;
  49   3              case 4:
  50   3                  P0_3 = ~P0_3;
  51   3                  break;
  52   3              default:
  53   3                  break;
  54   3              }
C51 COMPILER V9.60.0.0   MAIN1                                                             01/13/2022 17:26:46 PAGE 2   

  55   2          }
  56   1      }
  57          
  58          // void Timer0_Routine() interrupt 1
  59          // {
  60          //     static unsigned int T0_Count;
  61          //     TH0 = 64535 >> 8;
  62          //     TL0 = 64535 % 256;
  63          //     T0_Count++;
  64          //     if (T0_Count >= 1000)
  65          //     {
  66          //         T0_Count = 0;
  67          //         P0_0 = ~P0_0;
  68          //     }
  69          // }


MODULE INFORMATION:   STATIC OVERLAYABLE
   CODE SIZE        =     37    ----
   CONSTANT SIZE    =   ----    ----
   XDATA SIZE       =   ----    ----
   PDATA SIZE       =   ----    ----
   DATA SIZE        =      1    ----
   IDATA SIZE       =   ----    ----
   BIT SIZE         =   ----    ----
END OF MODULE INFORMATION.


C51 COMPILATION COMPLETE.  0 WARNING(S),  0 ERROR(S)
