C51 COMPILER V9.60.0.0   MAIN1                                                             01/11/2022 23:15:41 PAGE 1   


C51 COMPILER V9.60.0.0, COMPILATION OF MODULE MAIN1
OBJECT MODULE PLACED IN .\Objects\main1.obj
COMPILER INVOKED BY: D:\Program files\Keil\C51\BIN\C51.EXE main1.c OPTIMIZE(8,SPEED) BROWSE INCDIR(..\BasicalFunc) DEBUG
                    - OBJECTEXTEND PRINT(.\Listings\main1.lst) TABS(2) OBJECT(.\Objects\main1.obj)

line level    source

   1          #include <REGX52.H>
   2          #include "BasicalFunc.h"
   3          //#include "LCD1602.h"
   4          //#include "Delay.h"
   5          
   6          void main()
   7          {
   8   1          int Result = 0;
   9   1          LCD_Init();
  10   1          // LCD_ShowChar(1, 1, 'A');
  11   1          // LCD_ShowString(1, 3, "Hello");
  12   1          // LCD_ShowNum(2, 1, 1665, 4);
  13   1          // LCD_ShowSignedNum(2, 5, -233, 2);
  14   1          // LCD_ShowHexNum(1, 1, 0x8A, 2);
  15   1          // LCD_ShowBinNum(2, 1, 0xAA, 8);
  16   1      
  17   1          //    Result = 1 + 1;
  18   1          LCD_ShowNum(1, 1, Result, 3);
  19   1          while (1)
  20   1          {
  21   2              Result++;
  22   2              Delay(1000);
  23   2              LCD_ShowNum(1, 1, Result, 5);
  24   2          }
  25   1      }


MODULE INFORMATION:   STATIC OVERLAYABLE
   CODE SIZE        =     53    ----
   CONSTANT SIZE    =   ----    ----
   XDATA SIZE       =   ----    ----
   PDATA SIZE       =   ----    ----
   DATA SIZE        =   ----       2
   IDATA SIZE       =   ----    ----
   BIT SIZE         =   ----    ----
END OF MODULE INFORMATION.


C51 COMPILATION COMPLETE.  0 WARNING(S),  0 ERROR(S)
