C51 COMPILER V9.60.0.0   MAIN1                                                             01/11/2022 15:53:55 PAGE 1   


C51 COMPILER V9.60.0.0, COMPILATION OF MODULE MAIN1
OBJECT MODULE PLACED IN .\Objects\main1.obj
COMPILER INVOKED BY: D:\Program files\Keil\C51\BIN\C51.EXE main1.c OPTIMIZE(8,SPEED) BROWSE DEBUG OBJECTEXTEND PRINT(.\L
                    -istings\main1.lst) TABS(2) OBJECT(.\Objects\main1.obj)

line level    source

   1          #include <REGX52.H>
   2          
   3          unsigned char code SEGNum[] = {
   4              0x3F, 0x06, 0x5B, 0x4F, 0x66, 0x6D, 0x7D, 0x07,
   5              0x7F, 0x6F, 0x77, 0x7C, 0x39, 0x5E, 0x79, 0x71,
   6              0x00
   7          };
   8          
   9          void SEG(unsigned char Location, unsigned char Number) {
  10   1          P1 = ~(0x01 << (8-Location));
  11   1          P0 = ~SEGNum[Number];
  12   1      }
  13          
  14          void main(){
  15   1          SEG(1,0);
  16   1          while(1);
  17   1      }


MODULE INFORMATION:   STATIC OVERLAYABLE
   CODE SIZE        =     36    ----
   CONSTANT SIZE    =     17    ----
   XDATA SIZE       =   ----    ----
   PDATA SIZE       =   ----    ----
   DATA SIZE        =   ----    ----
   IDATA SIZE       =   ----    ----
   BIT SIZE         =   ----    ----
END OF MODULE INFORMATION.


C51 COMPILATION COMPLETE.  0 WARNING(S),  0 ERROR(S)
