C51 COMPILER V9.60.0.0   MAIN2                                                             01/16/2022 16:31:43 PAGE 1   


C51 COMPILER V9.60.0.0, COMPILATION OF MODULE MAIN2
OBJECT MODULE PLACED IN .\Objects\main2.obj
COMPILER INVOKED BY: D:\Program files\Keil\C51\BIN\C51.EXE main2.c OPTIMIZE(8,SPEED) BROWSE DEBUG OBJECTEXTEND PRINT(.\L
                    -istings\main2.lst) TABS(2) OBJECT(.\Objects\main2.obj)

line level    source

   1          #include <REGX52.H>
   2          //#include <NomalFunc.h>
   3          #include "Delay.h"
   4          #include "SEG.h"
   5          //#include "BasicalFunc.h"
   6          
   7          //unsigned char code SEGNum[] = {
   8          //    0x3F, 0x06, 0x5B, 0x4F, 0x66, 0x6D, 0x7D, 0x07,
   9          //    0x7F, 0x6F, 0x77, 0x7C, 0x39, 0x5E, 0x79, 0x71,
  10          //    0x00
  11          //};
  12          
  13          //void Delay(unsigned int X_ms) //@12.000MHz
  14          //{
  15          //    unsigned char i, j;
  16          //    while (X_ms--)
  17          //    {
  18          //        /* code */
  19          //        i = 2;
  20          //        j = 239;
  21          //        do
  22          //        {
  23          //            while (--j);
  24          //        } while (--i);
  25          //    }
  26          //}
  27          
  28          //void SEG(unsigned char Location, unsigned char Number) {
  29          //    P1 = ~(0x01 << (8-Location));
  30          //    P0 = ~SEGNum[Number];
  31          //    Delay(1);
  32          //    P0 = 0xFF;
  33          //}
  34          
  35          void main(){
  36   1          while(1){
  37   2              SEGScan(12000, 'n');
  38   2          }
  39   1      }


MODULE INFORMATION:   STATIC OVERLAYABLE
   CODE SIZE        =     11    ----
   CONSTANT SIZE    =   ----    ----
   XDATA SIZE       =   ----    ----
   PDATA SIZE       =   ----    ----
   DATA SIZE        =   ----    ----
   IDATA SIZE       =   ----    ----
   BIT SIZE         =   ----    ----
END OF MODULE INFORMATION.


C51 COMPILATION COMPLETE.  0 WARNING(S),  0 ERROR(S)
