C51 COMPILER V9.60.0.0   NOMALFUNC                                                         01/11/2022 16:27:39 PAGE 1   


C51 COMPILER V9.60.0.0, COMPILATION OF MODULE NOMALFUNC
OBJECT MODULE PLACED IN .\Objects\NomalFunc.obj
COMPILER INVOKED BY: D:\Program files\Keil\C51\BIN\C51.EXE ..\NomalFunc\NomalFunc.c OPTIMIZE(8,SPEED) BROWSE INCDIR(..\N
                    -omalFunc) DEBUG OBJECTEXTEND PRINT(.\Listings\NomalFunc.lst) TABS(2) OBJECT(.\Objects\NomalFunc.obj)

line level    source

   1          #include <REGX52.H>
   2          #include <NomalFunc.h>
   3          
   4          void Delay(unsigned int X_ms) //@12.000MHz
   5          {
   6   1          unsigned char i, j;
   7   1          while (X_ms--)
   8   1          {
   9   2              /* code */
  10   2              i = 2;
  11   2              j = 239;
  12   2              do
  13   2              {
  14   3                  while (--j);
  15   3              } while (--i);
  16   2          }
  17   1      }
  18          
  19          void SEGView(unsigned char Location, unsigned char Number) {
  20   1          P1 = ~(0x01 << (8-Location));
  21   1          P0 = ~SEGNum[Number];
  22   1          Delay(1);
  23   1          P0 = 0xFF;
  24   1      }


MODULE INFORMATION:   STATIC OVERLAYABLE
   CODE SIZE        =     58    ----
   CONSTANT SIZE    =     17    ----
   XDATA SIZE       =   ----    ----
   PDATA SIZE       =   ----    ----
   DATA SIZE        =   ----    ----
   IDATA SIZE       =   ----    ----
   BIT SIZE         =   ----    ----
END OF MODULE INFORMATION.


C51 COMPILATION COMPLETE.  0 WARNING(S),  0 ERROR(S)
