C51 COMPILER V9.60.0.0   MAIN2                                                             01/20/2022 15:36:42 PAGE 1   


C51 COMPILER V9.60.0.0, COMPILATION OF MODULE MAIN2
OBJECT MODULE PLACED IN .\Objects\main2.obj
COMPILER INVOKED BY: D:\Program files\Keil\C51\BIN\C51.EXE main2.c OPTIMIZE(8,SPEED) BROWSE DEBUG OBJECTEXTEND PRINT(.\L
                    -istings\main2.lst) TABS(2) OBJECT(.\Objects\main2.obj)

line level    source

   1          #include <REGX52.H>
   2          #include "BasicalFunc.h"
   3          
   4          unsigned char KeyNum, MODE, SetTimeMODE;
   5          
   6          void ShowTime(void)
   7          {
   8   1          DS1302_ReadTime();
   9   1          LCD_ShowNum(1, 1, DS1302_Time[0], 2);
  10   1          LCD_ShowNum(1, 4, DS1302_Time[1], 2);
  11   1          LCD_ShowNum(1, 7, DS1302_Time[2], 2);
  12   1          LCD_ShowNum(2, 1, DS1302_Time[3], 2);
  13   1          LCD_ShowNum(2, 4, DS1302_Time[4], 2);
  14   1          LCD_ShowNum(2, 7, DS1302_Time[5], 2);
  15   1      }
  16          
  17          void SetTime(void)
  18          {
  19   1          if (KeyNum == 2)
  20   1          {
  21   2              SetTimeMODE++;
  22   2              SetTimeMODE %= 6;
  23   2          }
  24   1          if (KeyNum == 3)
  25   1          {
  26   2              DS1302_Time[SetTimeMODE]++;
  27   2              if (DS1302_Time[0] > 99)
  28   2              {
  29   3                  DS1302_Time[0] = 0;
  30   3              }
  31   2              if (DS1302_Time[1] > 12)
  32   2              {
  33   3                  DS1302_Time[1] = 1;
  34   3              }
  35   2              if (DS1302_Time[2] > DS1302_DayOf(DS1302_Time[0], DS1302_Time[1]))
  36   2              {
  37   3                  DS1302_Time[2] = 1;
  38   3              }
  39   2              if (DS1302_Time[3] > 23)
  40   2              {
  41   3                  DS1302_Time[3] = 0;
  42   3              }
  43   2              if (DS1302_Time[4] > 59)
  44   2              {
  45   3                  DS1302_Time[4] = 0;
  46   3              }
  47   2              if (DS1302_Time[5] > 59)
  48   2              {
  49   3                  DS1302_Time[5] = 0;
  50   3              }
  51   2          }
  52   1          if (KeyNum == 4)
  53   1          {
  54   2              DS1302_Time[SetTimeMODE]--;
C51 COMPILER V9.60.0.0   MAIN2                                                             01/20/2022 15:36:42 PAGE 2   

  55   2              if (DS1302_Time[0] > 100)
  56   2              {
  57   3                  DS1302_Time[0] =99;
  58   3              }
  59   2              if (DS1302_Time[1] == 0)
  60   2              {
  61   3                  DS1302_Time[1] = 12;
  62   3              }
  63   2              if (DS1302_Time[2] > DS1302_DayOf(DS1302_Time[0], DS1302_Time[1]))
  64   2              {
  65   3                  DS1302_Time[2] = DS1302_DayOf(DS1302_Time[0], DS1302_Time[1]);
  66   3              }
  67   2              if (DS1302_Time[2] == 0)
  68   2              {
  69   3                  DS1302_Time[2] = DS1302_DayOf(DS1302_Time[0], DS1302_Time[1]);
  70   3              }
  71   2              if (DS1302_Time[3] > 100)
  72   2              {
  73   3                  DS1302_Time[3] = 23;
  74   3              }
  75   2              if (DS1302_Time[4] > 100)
  76   2              {
  77   3                  DS1302_Time[4] = 59;
  78   3              }
  79   2              if (DS1302_Time[5] > 100)
  80   2              {
  81   3                  DS1302_Time[5] = 59;
  82   3              }
  83   2          }
  84   1          LCD_ShowNum(1, 1, DS1302_Time[0], 2);
  85   1          LCD_ShowNum(1, 4, DS1302_Time[1], 2);
  86   1          LCD_ShowNum(1, 7, DS1302_Time[2], 2);
  87   1          LCD_ShowNum(2, 1, DS1302_Time[3], 2);
  88   1          LCD_ShowNum(2, 4, DS1302_Time[4], 2);
  89   1          LCD_ShowNum(2, 7, DS1302_Time[5], 2);
  90   1      }
  91          
  92          void main()
  93          {
  94   1          LCD_Init();
  95   1          LCD_ShowString(1, 1, "  -  -");
  96   1          LCD_ShowString(2, 1, "  :  :");
  97   1          DS1302_Init();
  98   1      
  99   1         DS1302_SetTime();
 100   1      
 101   1          while (1)
 102   1          {
 103   2              KeyNum = Key();
 104   2              if (KeyNum == 1)
 105   2              {
 106   3                  if (MODE == 0)
 107   3                  {
 108   4                      MODE = 1;
 109   4                  }
 110   3                  else
 111   3                  {
 112   4                      MODE = 0;
 113   4                      DS1302_SetTime();
 114   4                  }
 115   3                      
 116   3              }
C51 COMPILER V9.60.0.0   MAIN2                                                             01/20/2022 15:36:42 PAGE 3   

 117   2              switch (MODE)
 118   2              {
 119   3              case 0:
 120   3                  ShowTime();
 121   3                  break;
 122   3              case 1:
 123   3                  SetTime();
 124   3                  break;
 125   3              }
 126   2          }
 127   1      }


MODULE INFORMATION:   STATIC OVERLAYABLE
   CODE SIZE        =    489    ----
   CONSTANT SIZE    =     14    ----
   XDATA SIZE       =   ----    ----
   PDATA SIZE       =   ----    ----
   DATA SIZE        =      3    ----
   IDATA SIZE       =   ----    ----
   BIT SIZE         =   ----    ----
END OF MODULE INFORMATION.


C51 COMPILATION COMPLETE.  0 WARNING(S),  0 ERROR(S)
