C51 COMPILER V9.60.0.0   MAIN                                                              01/18/2022 15:53:13 PAGE 1   


C51 COMPILER V9.60.0.0, COMPILATION OF MODULE MAIN
OBJECT MODULE PLACED IN .\Objects\main.obj
COMPILER INVOKED BY: D:\Program files\Keil\C51\BIN\C51.EXE main.c OPTIMIZE(8,SPEED) BROWSE DEBUG OBJECTEXTEND PRINT(.\Li
                    -stings\main.lst) TABS(2) OBJECT(.\Objects\main.obj)

line level    source

   1          #include <REGX52.H>
   2          #include "BasicalFunc.h"
   3          #include "DS1302.h"
   4          
   5          unsigned char Sec, Min;
   6          
   7          void main()
   8          {
   9   1          LCD_Init();
  10   1          LCD_ShowString(1, 1, "  -  -");
  11   1          LCD_ShowString(2, 1, "  :  :");
  12   1          DS1302_Init();
  13   1      
  14   1          DS1302_SetTime();
  15   1      
  16   1          while (1)
  17   1          {
  18   2              DS1302_ReadTime();
  19   2      
  20   2              LCD_ShowNum(1, 1, DS1302_Time[0], 2);
  21   2              LCD_ShowNum(1, 4, DS1302_Time[1], 2);
  22   2              LCD_ShowNum(1, 7, DS1302_Time[2], 2);
  23   2              LCD_ShowNum(2, 1, DS1302_Time[3], 2);
  24   2              LCD_ShowNum(2, 4, DS1302_Time[4], 2);
  25   2              LCD_ShowNum(2, 7, DS1302_Time[5], 2);
  26   2          }
  27   1      }


MODULE INFORMATION:   STATIC OVERLAYABLE
   CODE SIZE        =    130    ----
   CONSTANT SIZE    =     14    ----
   XDATA SIZE       =   ----    ----
   PDATA SIZE       =   ----    ----
   DATA SIZE        =      2    ----
   IDATA SIZE       =   ----    ----
   BIT SIZE         =   ----    ----
END OF MODULE INFORMATION.


C51 COMPILATION COMPLETE.  0 WARNING(S),  0 ERROR(S)
