C51 COMPILER V9.60.0.0   MAIN1                                                             01/12/2022 10:42:38 PAGE 1   


C51 COMPILER V9.60.0.0, COMPILATION OF MODULE MAIN1
OBJECT MODULE PLACED IN .\Objects\main1.obj
COMPILER INVOKED BY: D:\Program files\Keil\C51\BIN\C51.EXE main1.c OPTIMIZE(8,SPEED) BROWSE INCDIR(..\BasicalFunc) DEBUG
                    - OBJECTEXTEND PRINT(.\Listings\main1.lst) TABS(2) OBJECT(.\Objects\main1.obj)

line level    source

   1          #include <REGX52.H>
   2          #include "BasicalFunc.h"
   3          
   4          unsigned char KeyNumber;
   5          
   6          void main()
   7          {
   8   1      
   9   1          LCD_Init();
  10   1          LCD_ShowString(1, 1, "MatrixKey");
  11   1          while (1)
  12   1          {
  13   2              KeyNumber = MatrixKey();
  14   2              if (KeyNumber)
  15   2              {
  16   3                  LCD_ShowNum(2, 1, KeyNumber, 4);
  17   3              }
  18   2          }
  19   1      }


MODULE INFORMATION:   STATIC OVERLAYABLE
   CODE SIZE        =     40    ----
   CONSTANT SIZE    =     10    ----
   XDATA SIZE       =   ----    ----
   PDATA SIZE       =   ----    ----
   DATA SIZE        =      1    ----
   IDATA SIZE       =   ----    ----
   BIT SIZE         =   ----    ----
END OF MODULE INFORMATION.


C51 COMPILATION COMPLETE.  0 WARNING(S),  0 ERROR(S)
