C51 COMPILER V9.60.0.0   MAIN2                                                             01/12/2022 16:40:31 PAGE 1   


C51 COMPILER V9.60.0.0, COMPILATION OF MODULE MAIN2
OBJECT MODULE PLACED IN .\Objects\main2.obj
COMPILER INVOKED BY: D:\Program files\Keil\C51\BIN\C51.EXE main2.c OPTIMIZE(8,SPEED) BROWSE DEBUG OBJECTEXTEND PRINT(.\L
                    -istings\main2.lst) TABS(2) OBJECT(.\Objects\main2.obj)

line level    source

   1          #include <REGX52.H>
   2          #include "BasicalFunc.h"
   3          
   4          unsigned char KeyNumber, OutView[4] = "----";
   5          unsigned int PassWord, Count = 0, SettedPass = 2004;
   6          
   7          void main()
   8          {
   9   1      
  10   1          LCD_Init();
  11   1          LCD_ShowString(1, 1, "Passwords:");
  12   1          while (1)
  13   1          {
  14   2              KeyNumber = MatrixKey();
  15   2              if (KeyNumber)
  16   2              {
  17   3                  if (KeyNumber <= 10) //密码区
  18   3                  {
  19   4                      
  20   4                      if (Count < 4)
  21   4                      {   OutView[Count] = '*';
  22   5                          PassWord *= 10;
  23   5                          PassWord += KeyNumber % 10;
  24   5                          Count++;
  25   5                      }
  26   4                  }
  27   3                  if (KeyNumber == 11)
  28   3                  {
  29   4                      if (PassWord == SettedPass)
  30   4                      {
  31   5                          LCD_Init();
  32   5                          LCD_ShowString(1, 1, "Welcome");
  33   5                          LCD_ShowString(2, 1, "admin");
  34   5                          Delay(20000);
  35   5                      }
  36   4                      else
  37   4                      {
  38   5                          LCD_ShowString(1, 14, "ERR");
  39   5                          PassWord = 0;
  40   5                          *OutView = "----";
*** WARNING C260 IN LINE 40 OF main2.c: '=': pointer truncation
  41   5                      }
  42   4                      Count = 0;
  43   4                  }
  44   3                  if (KeyNumber == 12)
  45   3                  {
  46   4                      PassWord = 0;
  47   4                      Count = 0;
  48   4                      *OutView = "----";
*** WARNING C260 IN LINE 48 OF main2.c: '=': pointer truncation
  49   4                  }
  50   3      
  51   3            
  52   3                  LCD_ShowString(2, 1, OutView);  
C51 COMPILER V9.60.0.0   MAIN2                                                             01/12/2022 16:40:31 PAGE 2   

  53   3              }
  54   2          }
  55   1      }


MODULE INFORMATION:   STATIC OVERLAYABLE
   CODE SIZE        =    210    ----
   CONSTANT SIZE    =     34    ----
   XDATA SIZE       =   ----    ----
   PDATA SIZE       =   ----    ----
   DATA SIZE        =     11    ----
   IDATA SIZE       =   ----    ----
   BIT SIZE         =   ----    ----
END OF MODULE INFORMATION.


C51 COMPILATION COMPLETE.  2 WARNING(S),  0 ERROR(S)
