C51 COMPILER V9.60.0.0   AT24C02                                                           02/16/2022 13:15:07 PAGE 1   


C51 COMPILER V9.60.0.0, COMPILATION OF MODULE AT24C02
OBJECT MODULE PLACED IN .\Objects\AT24C02.obj
COMPILER INVOKED BY: D:\Program files\Keil\C51\BIN\C51.EXE AT24C02.c OPTIMIZE(8,SPEED) BROWSE DEBUG OBJECTEXTEND PRINT(.
                    -\Listings\AT24C02.lst) TABS(2) OBJECT(.\Objects\AT24C02.obj)

line level    source

   1          #include <REGX52.H>
   2          #include "I2C.h"
   3          
   4          #define AT24C02_ADDRESS 0xA0
   5          
   6          /**
   7           * @brief AT24C02写入一个字节
   8           * 
   9           * @param WordAddress 地址
  10           * @param Data 数据
  11           */
  12          void AT24C02_WriteByte(unsigned char WordAddress, unsigned char Data)
  13          {
  14   1          I2C_Start();
  15   1          I2C_SendByte(AT24C02_ADDRESS);
  16   1          I2C_ReceiveAck();
  17   1          I2C_SendByte(WordAddress);
  18   1          I2C_ReceiveAck();
  19   1          I2C_SendByte(Data);
  20   1          I2C_ReceiveAck();
  21   1          I2C_Stop();
  22   1      }
  23          
  24          /**
  25           * @brief AT24C02读取一个字节
  26           * 
  27           * @param WordAddress 地址
  28           * @return unsigned char 所读取的数据
  29           */
  30          unsigned char AT24C02_ReadByte(unsigned char WordAddress)
  31          {
  32   1          unsigned char Data;
  33   1          I2C_Start();
  34   1          I2C_SendByte(AT24C02_ADDRESS);
  35   1          I2C_ReceiveAck();
  36   1          I2C_SendByte(WordAddress);
  37   1          I2C_ReceiveAck();
  38   1          I2C_Start();
  39   1          I2C_SendByte(AT24C02_ADDRESS | 0x01);
  40   1          I2C_ReceiveAck();
  41   1          Data = I2C_ReceiveByte();
  42   1          I2C_SendAck(1);
  43   1          I2C_Stop();
  44   1          return Data;
  45   1      }


MODULE INFORMATION:   STATIC OVERLAYABLE
   CODE SIZE        =     82    ----
   CONSTANT SIZE    =   ----    ----
   XDATA SIZE       =   ----    ----
   PDATA SIZE       =   ----    ----
   DATA SIZE        =   ----       4
   IDATA SIZE       =   ----    ----
C51 COMPILER V9.60.0.0   AT24C02                                                           02/16/2022 13:15:07 PAGE 2   

   BIT SIZE         =   ----    ----
END OF MODULE INFORMATION.


C51 COMPILATION COMPLETE.  0 WARNING(S),  0 ERROR(S)
