C51 COMPILER V9.60.0.0   DS18B20                                                           02/10/2022 16:53:20 PAGE 1   


C51 COMPILER V9.60.0.0, COMPILATION OF MODULE DS18B20
OBJECT MODULE PLACED IN .\Objects\DS18B20.obj
COMPILER INVOKED BY: D:\Program files\Keil\C51\BIN\C51.EXE DS18B20.c OPTIMIZE(8,SPEED) BROWSE DEBUG OBJECTEXTEND PRINT(.
                    -\Listings\DS18B20.lst) TABS(2) OBJECT(.\Objects\DS18B20.obj)

line level    source

   1          #include <REGX52.H>
   2          #include "OneWire.h"
   3          
   4          #define DS18B20_SKIP_ROM        0xCC
   5          #define DS18B20_CONVERT_T       0x44
   6          #define DS18B20_READ_SCRATCHPAD 0xBE
   7          
   8          /**
   9           * @brief DS18B20温度变换函数
  10           * 
  11           */
  12          void DS18B20_ConvertT()
  13          {
  14   1          OneWire_Init();
  15   1          OneWire_SendByte(DS18B20_SKIP_ROM);
  16   1          OneWire_SendByte(DS18B20_CONVERT_T);
  17   1      }
  18          
  19          /**
  20           * @brief DS18B20温度读取函数
  21           * 
  22           * @return float 温度
  23           */
  24          float DS18B20_ReadT()
  25          {
  26   1          unsigned char TLSB, TMSB;
  27   1          int Temp;
  28   1          float T;
  29   1          OneWire_Init();
  30   1          OneWire_SendByte(DS18B20_SKIP_ROM);
  31   1          OneWire_SendByte(DS18B20_READ_SCRATCHPAD);
  32   1          TLSB = OneWire_ReceiveByte();
  33   1          TMSB = OneWire_ReceiveByte();
  34   1      
  35   1          Temp = (TMSB << 8) | TLSB;
  36   1      
  37   1          T = Temp / 16.0;
  38   1      
  39   1          return T;
  40   1      }


MODULE INFORMATION:   STATIC OVERLAYABLE
   CODE SIZE        =     56    ----
   CONSTANT SIZE    =   ----    ----
   XDATA SIZE       =   ----    ----
   PDATA SIZE       =   ----    ----
   DATA SIZE        =   ----       1
   IDATA SIZE       =   ----    ----
   BIT SIZE         =   ----    ----
END OF MODULE INFORMATION.


C51 COMPILATION COMPLETE.  0 WARNING(S),  0 ERROR(S)
