C51 COMPILER V9.60.0.0   TIMER0INIT                                                        02/16/2022 13:15:08 PAGE 1   


C51 COMPILER V9.60.0.0, COMPILATION OF MODULE TIMER0INIT
OBJECT MODULE PLACED IN .\Objects\Timer0Init.obj
COMPILER INVOKED BY: D:\Program files\Keil\C51\BIN\C51.EXE Timer0Init.c OPTIMIZE(8,SPEED) BROWSE DEBUG OBJECTEXTEND PRIN
                    -T(.\Listings\Timer0Init.lst) TABS(2) OBJECT(.\Objects\Timer0Init.obj)

line level    source

   1          #include <REGX52.H>
   2          
   3          /**
   4           * @brief 定时器器0函数初始化函数，12MHz
   5           * @retval 无
   6           */
   7          void Timer0_Init(void)    //1毫秒@12.000MHz
   8          {
   9   1        TMOD &= 0xF0;   //设置定时器模式
  10   1        TMOD |= 0x01;   //设置定时器模式
  11   1        TL0 = 0x18;   //设置定时初始值
  12   1        TH0 = 0xFC;   //设置定时初始值
  13   1        TF0 = 0;    //清除TF0标志
  14   1        TR0 = 1;    //定时器0开始计时
  15   1          ET0 = 1;        //设置中断标志
  16   1          EA = 1;
  17   1          PT0 = 0;
  18   1      }
  19          /*
  20          1s计时器中断函数模板
  21          
  22          void Timer0_Routine() interrupt 1
  23          {
  24              static unsigned int T0_Count = 0;
  25              TL0 = 0x18;
  26              TH0 = 0xFC;
  27              T0_Count++;
  28              if (T0_Count >= 1000)
  29              {
  30                  T0_Count = 0;
  31                  P0_0 = ~P0_0;
  32              }
  33          }
  34          */


MODULE INFORMATION:   STATIC OVERLAYABLE
   CODE SIZE        =     23    ----
   CONSTANT SIZE    =   ----    ----
   XDATA SIZE       =   ----    ----
   PDATA SIZE       =   ----    ----
   DATA SIZE        =   ----    ----
   IDATA SIZE       =   ----    ----
   BIT SIZE         =   ----    ----
END OF MODULE INFORMATION.


C51 COMPILATION COMPLETE.  0 WARNING(S),  0 ERROR(S)
