C51 COMPILER V9.60.0.0   MAIN1                                                             01/14/2022 14:17:42 PAGE 1   


C51 COMPILER V9.60.0.0, COMPILATION OF MODULE MAIN1
OBJECT MODULE PLACED IN .\Objects\main1.obj
COMPILER INVOKED BY: D:\Program files\Keil\C51\BIN\C51.EXE main1.c OPTIMIZE(8,SPEED) BROWSE DEBUG OBJECTEXTEND PRINT(.\L
                    -istings\main1.lst) TABS(2) OBJECT(.\Objects\main1.obj)

line level    source

   1          #include <REGX52.H>
   2          #include "BasicalFunc.h"
   3          
   4          unsigned char Sec = 0;
   5          
   6          void main()
   7          {
   8   1          Uart_Init();
   9   1          Uart_SendByte(0x11);
  10   1          while (1)
  11   1          {
  12   2              Uart_SendByte(Sec++);
  13   2              Delay(1000);
  14   2          }
  15   1      }


MODULE INFORMATION:   STATIC OVERLAYABLE
   CODE SIZE        =     24    ----
   CONSTANT SIZE    =   ----    ----
   XDATA SIZE       =   ----    ----
   PDATA SIZE       =   ----    ----
   DATA SIZE        =      1    ----
   IDATA SIZE       =   ----    ----
   BIT SIZE         =   ----    ----
END OF MODULE INFORMATION.


C51 COMPILATION COMPLETE.  0 WARNING(S),  0 ERROR(S)
