C51 COMPILER V9.60.0.0   MAIN2                                                             01/14/2022 14:42:43 PAGE 1   


C51 COMPILER V9.60.0.0, COMPILATION OF MODULE MAIN2
OBJECT MODULE PLACED IN .\Objects\main2.obj
COMPILER INVOKED BY: D:\Program files\Keil\C51\BIN\C51.EXE main2.c OPTIMIZE(8,SPEED) BROWSE DEBUG OBJECTEXTEND PRINT(.\L
                    -istings\main2.lst) TABS(2) OBJECT(.\Objects\main2.obj)

line level    source

   1          #include <REGX52.H>
   2          #include "BasicalFunc.h"
   3          
   4          int main()
   5          {
   6   1          Uart_Init();
   7   1          while(1)
   8   1          {
   9   2      
  10   2          }
  11   1      }
  12          
  13          void UART_Routine() interrupt 4
  14          {
  15   1          if(RI == 1)
  16   1          {
  17   2              P0 = ~SBUF;
  18   2              Uart_SendByte(SBUF);
  19   2              RI = 0;         //RI软件复位
  20   2          }
  21   1      }


MODULE INFORMATION:   STATIC OVERLAYABLE
   CODE SIZE        =     76    ----
   CONSTANT SIZE    =   ----    ----
   XDATA SIZE       =   ----    ----
   PDATA SIZE       =   ----    ----
   DATA SIZE        =   ----    ----
   IDATA SIZE       =   ----    ----
   BIT SIZE         =   ----    ----
END OF MODULE INFORMATION.


C51 COMPILATION COMPLETE.  0 WARNING(S),  0 ERROR(S)
