C51 COMPILER V9.60.0.0   I2C                                                               02/02/2022 14:56:26 PAGE 1   


C51 COMPILER V9.60.0.0, COMPILATION OF MODULE I2C
OBJECT MODULE PLACED IN .\Objects\I2C.obj
COMPILER INVOKED BY: D:\Program files\Keil\C51\BIN\C51.EXE I2C.c OPTIMIZE(8,SPEED) BROWSE DEBUG OBJECTEXTEND PRINT(.\Lis
                    -tings\I2C.lst) TABS(2) OBJECT(.\Objects\I2C.obj)

line level    source

   1          #include <REGX52.H>
   2          // #include "I2C.h"
   3          
   4          sbit I2C_SCL = P3 ^ 2;
   5          sbit I2C_SDA = P3 ^ 3;
   6          
   7          /**
   8           * @brief  I2C开始
   9           * @param  无
  10           * @retval 无
  11           */
  12          void I2C_Start(void)
  13          {
  14   1          I2C_SDA = 1;
  15   1          I2C_SCL = 1;
  16   1          I2C_SDA = 0;
  17   1          I2C_SCL = 0;
  18   1      }
  19          
  20          /**
  21           * @brief  I2C停止
  22           * @param  无
  23           * @retval 无
  24           */
  25          void I2C_Stop(void)
  26          {
  27   1          I2C_SDA = 0;
  28   1          I2C_SCL = 1;
  29   1          I2C_SDA = 1;
  30   1      }
  31          
  32          /**
  33           * @brief  I2C发送一个字节
  34           * @param  Byte 要发送的字节
  35           * @retval 无
  36           */
  37          void I2C_SendByte(unsigned char Byte)
  38          {
  39   1          unsigned char i;
  40   1          for (i = 0; i < 8; i++)
  41   1          {
  42   2              I2C_SDA = Byte & (0x80 >> i);
  43   2              I2C_SCL = 1;
  44   2              I2C_SCL = 0;
  45   2          }
  46   1      }
  47          
  48          /**
  49           * @brief  I2C接收一个字节
  50           * @param  无
  51           * @retval 接收到的一个字节数据
  52           */
  53          unsigned char I2C_ReceiveByte(void)
  54          {
C51 COMPILER V9.60.0.0   I2C                                                               02/02/2022 14:56:26 PAGE 2   

  55   1          unsigned char i, Byte = 0x00;
  56   1          I2C_SDA = 1;
  57   1          for (i = 0; i < 8; i++)
  58   1          {
  59   2              I2C_SCL = 1;
  60   2              if (I2C_SDA)
  61   2              {
  62   3                  Byte |= (0x80 >> i);
  63   3              }
  64   2              I2C_SCL = 0;
  65   2          }
  66   1          return Byte;
  67   1      }
  68          
  69          /**
  70           * @brief  I2C发送应答
  71           * @param  AckBit 应答位，0为应答，1为非应答
  72           * @retval 无
  73           */
  74          void I2C_SendAck(unsigned char AckBit)
  75          {
  76   1          I2C_SDA = AckBit;
  77   1          I2C_SCL = 1;
  78   1          I2C_SCL = 0;
  79   1      }
  80          
  81          /**
  82           * @brief  I2C接收应答位
  83           * @param  无
  84           * @retval 接收到的应答位，0为应答，1为非应答
  85           */
  86          unsigned char I2C_ReceiveAck(void)
  87          {
  88   1          unsigned char AckBit;
  89   1          I2C_SDA = 1;
  90   1          I2C_SCL = 1;
  91   1          AckBit = I2C_SDA;
  92   1          I2C_SCL = 0;
  93   1          return AckBit;
  94   1      }


MODULE INFORMATION:   STATIC OVERLAYABLE
   CODE SIZE        =    127    ----
   CONSTANT SIZE    =   ----    ----
   XDATA SIZE       =   ----    ----
   PDATA SIZE       =   ----    ----
   DATA SIZE        =   ----    ----
   IDATA SIZE       =   ----    ----
   BIT SIZE         =   ----    ----
END OF MODULE INFORMATION.


C51 COMPILATION COMPLETE.  0 WARNING(S),  0 ERROR(S)
