C51 COMPILER V9.60.0.0   KEY                                                               02/02/2022 14:27:20 PAGE 1   


C51 COMPILER V9.60.0.0, COMPILATION OF MODULE KEY
OBJECT MODULE PLACED IN .\Objects\Key.obj
COMPILER INVOKED BY: D:\Program files\Keil\C51\BIN\C51.EXE Key.c OPTIMIZE(8,SPEED) BROWSE DEBUG OBJECTEXTEND PRINT(.\Lis
                    -tings\Key.lst) TABS(2) OBJECT(.\Objects\Key.obj)

line level    source

   1          #include <REGX52.H>
   2          #include "Delay.h"
   3          
   4          unsigned char Key_Number;
   5          
   6          /**
   7           * @brief 获取独立按键键盘码
   8           * @retval 键盘号 范围：0~4
   9           * @return unsigned char 
  10           */
  11          
  12          unsigned char Key()
  13          {
  14   1          unsigned char Temp;
  15   1          Temp = Key_Number;
  16   1          Key_Number = 0;
  17   1          return Temp;
  18   1      }
  19          
  20          /**
  21           * @brief 按键状态查询函数
  22           * 
  23           * @return unsigned char 键码
  24           */
  25          unsigned char Key_Getstate()
  26          {
  27   1          unsigned char KeyNum = 0;
  28   1      
  29   1          if(P2_3 == 0)   {KeyNum = 1;}
  30   1          if(P2_2 == 0)   {KeyNum = 2;}
  31   1          if(P2_1 == 0)   {KeyNum = 3;}
  32   1          if(P2_0 == 0)   {KeyNum = 4;}
  33   1      
  34   1          return KeyNum;
  35   1      }
  36          
  37          /**
  38           * @brief 按键循环函数
  39           * 用于定时器扫描按键
  40           * 
  41           */
  42          void Key_Loop()
  43          {
  44   1          static unsigned char NowState, LastState;
  45   1          LastState = NowState;
  46   1          NowState = Key_Getstate();
  47   1          if (LastState == 1 && NowState == 0)
  48   1          {
  49   2              Key_Number = 1;
  50   2          }
  51   1          if (LastState == 2 && NowState == 0)
  52   1          {
  53   2              Key_Number = 2;
  54   2          }
C51 COMPILER V9.60.0.0   KEY                                                               02/02/2022 14:27:20 PAGE 2   

  55   1          if (LastState == 3 && NowState == 0)
  56   1          {
  57   2              Key_Number = 3;
  58   2          }
  59   1          if (LastState == 4 && NowState == 0)
  60   1          {
  61   2              Key_Number = 4;
  62   2          }
  63   1      }


MODULE INFORMATION:   STATIC OVERLAYABLE
   CODE SIZE        =     92    ----
   CONSTANT SIZE    =   ----    ----
   XDATA SIZE       =   ----    ----
   PDATA SIZE       =   ----    ----
   DATA SIZE        =      3    ----
   IDATA SIZE       =   ----    ----
   BIT SIZE         =   ----    ----
END OF MODULE INFORMATION.


C51 COMPILATION COMPLETE.  0 WARNING(S),  0 ERROR(S)
