C51 COMPILER V9.60.0.0   MAIN1                                                             01/25/2022 15:04:28 PAGE 1   


C51 COMPILER V9.60.0.0, COMPILATION OF MODULE MAIN1
OBJECT MODULE PLACED IN .\Objects\main1.obj
COMPILER INVOKED BY: D:\Program files\Keil\C51\BIN\C51.EXE main1.c OPTIMIZE(8,SPEED) BROWSE DEBUG OBJECTEXTEND PRINT(.\L
                    -istings\main1.lst) TABS(2) OBJECT(.\Objects\main1.obj)

line level    source

   1          #include <REGX52.H>
   2          #include "BasicalFunc.h"
   3          
   4          sbit Buzzer = P3 ^ 7;
   5          
   6          unsigned char KeyNum;
   7          unsigned int i;
   8          
   9          void main()
  10          {
  11   1          while (1)
  12   1          {
  13   2              KeyNum = Key();
  14   2              if (KeyNum)
  15   2              {
  16   3                  Buzzer_Time(100);
  17   3                  SEG(1, KeyNum);
  18   3              }
  19   2          }
  20   1      }


MODULE INFORMATION:   STATIC OVERLAYABLE
   CODE SIZE        =     25    ----
   CONSTANT SIZE    =   ----    ----
   XDATA SIZE       =   ----    ----
   PDATA SIZE       =   ----    ----
   DATA SIZE        =      3    ----
   IDATA SIZE       =   ----    ----
   BIT SIZE         =   ----    ----
END OF MODULE INFORMATION.


C51 COMPILATION COMPLETE.  0 WARNING(S),  0 ERROR(S)
