C51 COMPILER V9.60.0.0   MUSIC                                                             01/25/2022 16:12:33 PAGE 1   


C51 COMPILER V9.60.0.0, COMPILATION OF MODULE MUSIC
OBJECT MODULE PLACED IN .\Objects\Music.obj
COMPILER INVOKED BY: D:\Program files\Keil\C51\BIN\C51.EXE Music.c OPTIMIZE(8,SPEED) BROWSE DEBUG OBJECTEXTEND PRINT(.\L
                    -istings\Music.lst) TABS(2) OBJECT(.\Objects\Music.obj)

line level    source

   1          #include <REGX52.H>
   2          #include "Timer0Init.h"
   3          #include "Delay.h"
   4          
   5          sbit Buzzer = P3 ^ 7;
   6          
   7          unsigned char i, f;
   8          
   9          #define SPEED 500
  10          #define P 0
  11          #define L1  1
  12          #define L1_ 2
  13          #define L2  3
  14          #define L2_ 4
  15          #define L3  5
  16          #define L4  6
  17          #define L4_ 7
  18          #define L5  8
  19          #define L5_ 9
  20          #define L6  10
  21          #define L6_ 11
  22          #define L7  12
  23          #define M1  13
  24          #define M1_ 14
  25          #define M2  15
  26          #define M2_ 16
  27          #define M3  17
  28          #define M4  18
  29          #define M4_ 19
  30          #define M5  20
  31          #define M5_ 21
  32          #define M6  22
  33          #define M6_ 23
  34          #define M7  24
  35          #define H1  25
  36          #define H1_ 26
  37          #define H2  27
  38          #define H2_ 28
  39          #define H3  29
  40          #define H4  30
  41          #define H4_ 31
  42          #define H5  32
  43          #define H5_ 33
  44          #define H6  34
  45          #define H6_ 35
  46          #define H7  36
  47          
  48          unsigned char code Music[] = {
  49              L6, 4,
  50              M1, 4,
  51              M2, 2,
  52              M3, 2,
  53              M2, 4,
  54              M3, 2,
C51 COMPILER V9.60.0.0   MUSIC                                                             01/25/2022 16:12:33 PAGE 2   

  55              M2, 2,
  56              M1, 2,
  57              L7, 2,
  58              L3, 2,
  59              L7, 2,
  60              L7, 4,
  61              L6, 4,
  62              M1, 4,
  63              M2, 2, 
  64              M3, 2,
  65              M2, 4,
  66              M3, 2,
  67              M2, 2,
  68              L7, 4,
  69              L5, 4,
  70              L6, 8,
  71              0XFF};
  72          
  73          //索引与频率对照表
  74          unsigned int FreqTable[] = {
  75              0,
  76              63628,
  77              63731,
  78              63835,
  79              63928,
  80              64021,
  81              64103,
  82              64185,
  83              64260,
  84              64331,
  85              64400,
  86              64463,
  87              64528,
  88              64580,
  89              64633,
  90              64684,
  91              64732,
  92              64777,
  93              64820,
  94              64860,
  95              64898,
  96              64934,
  97              64968,
  98              65000,
  99              65030,
 100              65058,
 101              65085,
 102              65110,
 103              65134,
 104              65157,
 105              65178,
 106              65198,
 107              65217,
 108              65235,
 109              65252,
 110              65268,
 111              65283,
 112          };
 113          
 114          void main()
 115          {
 116   1          Timer0_Init();
C51 COMPILER V9.60.0.0   MUSIC                                                             01/25/2022 16:12:33 PAGE 3   

 117   1          while (1)
 118   1          {
 119   2              if (Music[i] != 0xFF)
 120   2              {
 121   3                  f = Music[i];
 122   3                  i++;
 123   3                  Delay(SPEED / 4 * Music[i]);
 124   3                  i++;
 125   3                  TR0 = 0;
 126   3                  Delay(5);
 127   3                  TR0 = 1;
 128   3              }
 129   2              else
 130   2              {
 131   3                  TR0 = 0;
 132   3                  while (1)
 133   3                  {
 134   4                  }
 135   3              }
 136   2          }
 137   1      }
 138          
 139          void Timer0_Routine() interrupt 1
 140          {
 141   1          if (FreqTable[f])
 142   1          {
 143   2              TL0 = FreqTable[f] % 256;
 144   2              TH0 = FreqTable[f] >> 8;
 145   2              Buzzer = !Buzzer;
 146   2          }
 147   1      }


MODULE INFORMATION:   STATIC OVERLAYABLE
   CODE SIZE        =    101    ----
   CONSTANT SIZE    =     45    ----
   XDATA SIZE       =   ----    ----
   PDATA SIZE       =   ----    ----
   DATA SIZE        =     76    ----
   IDATA SIZE       =   ----    ----
   BIT SIZE         =   ----    ----
END OF MODULE INFORMATION.


C51 COMPILATION COMPLETE.  0 WARNING(S),  0 ERROR(S)
