C51 COMPILER V9.60.0.0   MAIN4                                                             01/11/2022 11:11:21 PAGE 1   


C51 COMPILER V9.60.0.0, COMPILATION OF MODULE MAIN4
OBJECT MODULE PLACED IN .\Objects\main4.obj
COMPILER INVOKED BY: D:\Program files\Keil\C51\BIN\C51.EXE main4.c OPTIMIZE(8,SPEED) BROWSE DEBUG OBJECTEXTEND PRINT(.\L
                    -istings\main4.lst) TABS(2) OBJECT(.\Objects\main4.obj)

line level    source

   1          #include <REGX52.H>
   2          
   3          void Delay(unsigned int ms) //@12.000MHz
   4          {
   5   1          unsigned char i, j;
   6   1          while (ms--)
   7   1          {
   8   2              i = 2;
   9   2              j = 239;
  10   2              do
  11   2              {
  12   3                  while (--j);
  13   3              } while (--i);
  14   2          }
  15   1      }
  16          
  17          void main(){
  18   1          unsigned char LEDNum = 0;
  19   1          while(1){
  20   2              if(P2_3 == 0){
  21   3                  Delay(15);
  22   3                  while(P2_3 == 0);
  23   3                  Delay(15);
  24   3                  
  25   3                  LEDNum ++;
  26   3            if(LEDNum >= 8)
  27   3                      LEDNum = 0;
  28   3                  
  29   3                  P0 = ~(0x01 << LEDNum);
  30   3              }
  31   2              if(P2_2 == 0){
  32   3                  Delay(15);
  33   3                  while(P2_2 == 0);
  34   3                  Delay(15);
  35   3                  LEDNum --;
  36   3                  if (LEDNum <= 0)
  37   3                  {
  38   4                      LEDNum =7;
  39   4                  }
  40   3                  
  41   3                  
  42   3                  P0 = ~(0x01 << LEDNum);
  43   3              }
  44   2          }
  45   1      }


MODULE INFORMATION:   STATIC OVERLAYABLE
   CODE SIZE        =    107    ----
   CONSTANT SIZE    =   ----    ----
   XDATA SIZE       =   ----    ----
   PDATA SIZE       =   ----    ----
   DATA SIZE        =   ----    ----
   IDATA SIZE       =   ----    ----
C51 COMPILER V9.60.0.0   MAIN4                                                             01/11/2022 11:11:21 PAGE 2   

   BIT SIZE         =   ----    ----
END OF MODULE INFORMATION.


C51 COMPILATION COMPLETE.  0 WARNING(S),  0 ERROR(S)
