C51 COMPILER V9.60.0.0   MAIN2                                                             01/11/2022 10:39:28 PAGE 1   


C51 COMPILER V9.60.0.0, COMPILATION OF MODULE MAIN2
OBJECT MODULE PLACED IN .\Objects\main2.obj
COMPILER INVOKED BY: D:\Program files\Keil\C51\BIN\C51.EXE main2.c OPTIMIZE(8,SPEED) BROWSE DEBUG OBJECTEXTEND PRINT(.\L
                    -istings\main2.lst) TABS(2) OBJECT(.\Objects\main2.obj)

line level    source

   1          #include <REGX52.H>
   2          
   3          void Delay(unsigned int ms) //@12.000MHz
   4          {
   5   1          unsigned char i, j;
   6   1          while (ms--)
   7   1          {
   8   2              /* code */
   9   2              i = 2;
  10   2              j = 239;
  11   2              do
  12   2              {
  13   3                  while (--j)
  14   3                      ;
  15   3              } while (--i);
  16   2          }
  17   1      }
  18          
  19          void main()
  20          {
  21   1          while (1)
  22   1          {
  23   2              /* code */
  24   2              // P0_0 = 0;
  25   2              // Delay(500);
  26   2              // P0_0 = 1;
  27   2              // Delay(500);
  28   2              if(P2_3 == 0){
  29   3                  Delay(15);
  30   3                  while (P2_3 == 0);
  31   3                  Delay(15);
  32   3                  P0_0 = ~ P0_0;
  33   3              }
  34   2          }
  35   1      }


MODULE INFORMATION:   STATIC OVERLAYABLE
   CODE SIZE        =     45    ----
   CONSTANT SIZE    =   ----    ----
   XDATA SIZE       =   ----    ----
   PDATA SIZE       =   ----    ----
   DATA SIZE        =   ----    ----
   IDATA SIZE       =   ----    ----
   BIT SIZE         =   ----    ----
END OF MODULE INFORMATION.


C51 COMPILATION COMPLETE.  0 WARNING(S),  0 ERROR(S)
