C51 COMPILER V9.60.0.0   MAIN3                                                             01/11/2022 10:52:07 PAGE 1   


C51 COMPILER V9.60.0.0, COMPILATION OF MODULE MAIN3
OBJECT MODULE PLACED IN .\Objects\main3.obj
COMPILER INVOKED BY: D:\Program files\Keil\C51\BIN\C51.EXE main3.c OPTIMIZE(8,SPEED) BROWSE DEBUG OBJECTEXTEND PRINT(.\L
                    -istings\main3.lst) TABS(2) OBJECT(.\Objects\main3.obj)

line level    source

   1          #include <REGX52.H>
   2          
   3          void Delay(unsigned int ms) //@12.000MHz
   4          {
   5   1          unsigned char i, j;
   6   1          while (ms--)
   7   1          {
   8   2              i = 2;
   9   2              j = 239;
  10   2              do
  11   2              {
  12   3                  while (--j);
  13   3              } while (--i);
  14   2          }
  15   1      }
  16          
  17          void main(){
  18   1          unsigned char LEDNum = 0;
  19   1          while (1)
  20   1          {
  21   2              if(P2_3 == 0){
  22   3                  Delay(15);
  23   3                  while(P2_3 == 0);
  24   3                  Delay(15);
  25   3      
  26   3                  LEDNum ++;
  27   3                  P0 = ~LEDNum; 
  28   3              }
  29   2          }
  30   1      }


MODULE INFORMATION:   STATIC OVERLAYABLE
   CODE SIZE        =     50    ----
   CONSTANT SIZE    =   ----    ----
   XDATA SIZE       =   ----    ----
   PDATA SIZE       =   ----    ----
   DATA SIZE        =   ----    ----
   IDATA SIZE       =   ----    ----
   BIT SIZE         =   ----    ----
END OF MODULE INFORMATION.


C51 COMPILATION COMPLETE.  0 WARNING(S),  0 ERROR(S)
