C51 COMPILER V9.60.0.0   MAIN                                                              04/30/2022 19:52:56 PAGE 1   


C51 COMPILER V9.60.0.0, COMPILATION OF MODULE MAIN
OBJECT MODULE PLACED IN .\Objects\main.obj
COMPILER INVOKED BY: D:\Program files\Keil\C51\BIN\C51.EXE main.c OPTIMIZE(8,SPEED) BROWSE DEBUG OBJECTEXTEND PRINT(.\Li
                    -stings\main.lst) TABS(2) OBJECT(.\Objects\main.obj)

line level    source

   1          #include <REGX52.H>
   2          #include "Delay.h"
   3          #include "Nixie.h"
   4          #include "Timer0.h"
   5          #include "Key.h"
   6          
   7          unsigned char Counter, Compare;
   8          unsigned char KeyNum, Speed = 0;
   9          sbit LED = P2 ^ 0;
  10          sbit Motor = P1 ^ 0;
  11          
  12          void main()
  13          {
  14   1          Timer0_Init();
  15   1          Compare = 0;
  16   1          while (1)
  17   1          {
  18   2              KeyNum = Key();
  19   2              if (KeyNum == 1)
  20   2              {
  21   3                  Speed++;
  22   3                  Speed %= 4;
  23   3                  if (Speed == 0)
  24   3                  {
  25   4                      Compare = 0;
  26   4                  }
  27   3                  if (Speed == 1)
  28   3                  {
  29   4                      Compare = 30;
  30   4                  }
  31   3                  if (Speed == 2)
  32   3                  {
  33   4                      Compare = 50;
  34   4                  }
  35   3                  if (Speed == 3)
  36   3                  {
  37   4                      Compare = 100;
  38   4                  }
  39   3              }
  40   2              Nixie(1, Speed);
  41   2          }
  42   1      }
  43          
  44          void Timer0_Routine() interrupt 1
  45          {
  46   1          static unsigned int T0Count;
  47   1          TL0 = 0x9C; //设置定时初值
  48   1          TH0 = 0xFF; //设置定时初值
  49   1          T0Count++;
  50   1          Counter++;
  51   1          Counter %= 100;
  52   1          if (Counter < Compare)
  53   1          {
  54   2              LED = 0;
C51 COMPILER V9.60.0.0   MAIN                                                              04/30/2022 19:52:56 PAGE 2   

  55   2              Motor = 1;
  56   2          }
  57   1          else
  58   1          {
  59   2              LED = 1;
  60   2              Motor = 0;
  61   2          }
  62   1      }


MODULE INFORMATION:   STATIC OVERLAYABLE
   CODE SIZE        =    123    ----
   CONSTANT SIZE    =   ----    ----
   XDATA SIZE       =   ----    ----
   PDATA SIZE       =   ----    ----
   DATA SIZE        =      6    ----
   IDATA SIZE       =   ----    ----
   BIT SIZE         =   ----    ----
END OF MODULE INFORMATION.


C51 COMPILATION COMPLETE.  0 WARNING(S),  0 ERROR(S)
