C51 COMPILER V9.60.0.0   INT0                                                              05/05/2022 15:35:36 PAGE 1   


C51 COMPILER V9.60.0.0, COMPILATION OF MODULE INT0
OBJECT MODULE PLACED IN .\Objects\Int0.obj
COMPILER INVOKED BY: D:\Program files\Keil\C51\BIN\C51.EXE Int0.c OPTIMIZE(8,SPEED) BROWSE DEBUG OBJECTEXTEND PRINT(.\Li
                    -stings\Int0.lst) TABS(2) OBJECT(.\Objects\Int0.obj)

line level    source

   1          #include <REGX52.H>
   2          
   3          void Int0_Init(void)
   4          {
   5   1          IT0 = 1; //下降沿触发
   6   1          IE0 = 0;
   7   1          EX0 = 1;
   8   1          EA = 1;
   9   1          PX0 = 1; //防止解码误判
  10   1      }
  11          
  12          /*
  13          中断模板
  14          void Int0_Routine(void) interrupt 0
  15          {
  16              Num++;
  17          }
  18          */


MODULE INFORMATION:   STATIC OVERLAYABLE
   CODE SIZE        =     11    ----
   CONSTANT SIZE    =   ----    ----
   XDATA SIZE       =   ----    ----
   PDATA SIZE       =   ----    ----
   DATA SIZE        =   ----    ----
   IDATA SIZE       =   ----    ----
   BIT SIZE         =   ----    ----
END OF MODULE INFORMATION.


C51 COMPILATION COMPLETE.  0 WARNING(S),  0 ERROR(S)
