C51 COMPILER V9.60.0.0   MAINRE                                                            05/05/2022 18:14:21 PAGE 1   


C51 COMPILER V9.60.0.0, COMPILATION OF MODULE MAINRE
OBJECT MODULE PLACED IN .\Objects\mainRE.obj
COMPILER INVOKED BY: D:\Program files\Keil\C51\BIN\C51.EXE mainRE.c OPTIMIZE(8,SPEED) BROWSE DEBUG OBJECTEXTEND PRINT(.\
                    -Listings\mainRE.lst) TABS(2) OBJECT(.\Objects\mainRE.obj)

line level    source

   1          #include <REGX52.H>
   2          #include "Delay.h"
   3          #include "LCD1602.h"
   4          #include "IR.h"
   5          
   6          unsigned char Num = 0;
   7          unsigned char Address, Command;
   8          
   9          void main()
  10          {
  11   1          LCD_Init();
  12   1          LCD_ShowString(1, 1, "ADD COM NUM");
  13   1          IR_Init();
  14   1      
  15   1          while (1)
  16   1          {
  17   2              // LCD_ShowNum(2, 1, Num, 3);
  18   2              if (IR_GetDataFlag() || IR_GetRepeatFlag())
  19   2              {
  20   3                  Address = IR_GetAddress();
  21   3                  Command = IR_GetCommand();
  22   3      
  23   3                  if (Command == 0x15)
  24   3                  {
  25   4                      Num--;
  26   4                  }
  27   3                  else if (Command == 0x09)
  28   3                  {
  29   4                      Num++;
  30   4                  }
  31   3              }
  32   2              LCD_ShowHexNum(2, 1, Address, 2);
  33   2              LCD_ShowHexNum(2, 5, Command, 2);
  34   2              LCD_ShowNum(2, 9, Num, 3);
  35   2          }
  36   1      }
  37          
  38          // void Int0_Routine(void) interrupt 0
  39          // {
  40          //     Num--;
  41          // }


MODULE INFORMATION:   STATIC OVERLAYABLE
   CODE SIZE        =    107    ----
   CONSTANT SIZE    =     12    ----
   XDATA SIZE       =   ----    ----
   PDATA SIZE       =   ----    ----
   DATA SIZE        =      3    ----
   IDATA SIZE       =   ----    ----
   BIT SIZE         =   ----    ----
END OF MODULE INFORMATION.


C51 COMPILATION COMPLETE.  0 WARNING(S),  0 ERROR(S)
