C51 COMPILER V9.60.0.0   TIMER0                                                            05/05/2022 16:26:39 PAGE 1   


C51 COMPILER V9.60.0.0, COMPILATION OF MODULE TIMER0
OBJECT MODULE PLACED IN .\Objects\Timer0.obj
COMPILER INVOKED BY: D:\Program files\Keil\C51\BIN\C51.EXE Timer0.c OPTIMIZE(8,SPEED) BROWSE DEBUG OBJECTEXTEND PRINT(.\
                    -Listings\Timer0.lst) TABS(2) OBJECT(.\Objects\Timer0.obj)

line level    source

   1          #include <REGX52.H>
   2          
   3          /**
   4           * @brief 定时器器0初始化函数
   5           * @retval 无
   6           */
   7          void Timer0_Init(void)    
   8          {
   9   1        TMOD &= 0xF0;   //设置定时器模式
  10   1        TMOD |= 0x01;   //设置定时器模式
  11   1        TL0 = 0x18;   //设置定时初始值
  12   1        TH0 = 0xFC;   //设置定时初始值
  13   1        TF0 = 0;    //清除TF0标志
  14   1        TR0 = 0;    
  15   1      }
  16          /*
  17          1s计时器中断函数模板
  18          
  19          void Timer0_Routine() interrupt 1
  20          {
  21              static unsigned int T0_Count = 0;
  22              TL0 = 0x18;
  23              TH0 = 0xFC;
  24              T0_Count++;
  25              if (T0_Count >= 1000)
  26              {
  27                  T0_Count = 0;
  28                  P0_0 = ~P0_0;
  29              }
  30          }
  31          */
  32          
  33          /**
  34           * @brief 设置计算器
  35           * 
  36           * @param Value 计数器参数
  37           */
  38          void Timer0_SetCounter(unsigned int Value)
  39          {
  40   1          TH0 = Value >> 8;
  41   1          TL0 = Value % 256;
  42   1      }
  43          
  44          /**
  45           * @brief 获取计数器
  46           * 
  47           * @return unsigned int 计数器数值
  48           */
  49          unsigned int Timer0_GetCounter(void)
  50          {
  51   1          return (TH0 << 8) | TL0;
  52   1      }
  53          
  54          /**
C51 COMPILER V9.60.0.0   TIMER0                                                            05/05/2022 16:26:39 PAGE 2   

  55           * @brief 定时器运行控制
  56           * 
  57           * @param Flag 1为运行，0为停止
  58           */
  59          void Timer0_Run(unsigned char Flag)
  60          {
  61   1          TR0 = Flag;
  62   1      }


MODULE INFORMATION:   STATIC OVERLAYABLE
   CODE SIZE        =     43    ----
   CONSTANT SIZE    =   ----    ----
   XDATA SIZE       =   ----    ----
   PDATA SIZE       =   ----    ----
   DATA SIZE        =   ----    ----
   IDATA SIZE       =   ----    ----
   BIT SIZE         =   ----    ----
END OF MODULE INFORMATION.


C51 COMPILATION COMPLETE.  0 WARNING(S),  0 ERROR(S)
