C51 COMPILER V9.60.0.0   MAIN                                                              01/10/2022 20:01:36 PAGE 1   


C51 COMPILER V9.60.0.0, COMPILATION OF MODULE MAIN
OBJECT MODULE PLACED IN .\Objects\main.obj
COMPILER INVOKED BY: D:\Program files\Keil\C51\BIN\C51.EXE main.c OPTIMIZE(8,SPEED) BROWSE DEBUG OBJECTEXTEND PRINT(.\Li
                    -stings\main.lst) TABS(2) OBJECT(.\Objects\main.obj)

line level    source

   1          #include <REGX52.H>
   2          #include <INTRINS.H>
   3          
   4          void Delay500ms()   //@12.000MHz
   5          {
   6   1        unsigned char i, j, k;
   7   1      
   8   1        _nop_();
   9   1        i = 4;
  10   1        j = 205;
  11   1        k = 187;
  12   1        do
  13   1        {
  14   2          do
  15   2          {
  16   3            while (--k);
  17   3          } while (--j);
  18   2        } while (--i);
  19   1      }
  20          
  21          
  22          void main()
  23          {
  24   1        /*
  25   1        1111 1111 = ~0000 0000
  26   1        1111 1110 = ~0000 0001
  27   1        1111 1101 = ~0000 0010 = 0000 0001 << 1
  28   1        1111 1011
  29   1        1111 0111
  30   1        1110 1111
  31   1        1101 1111
  32   1        1011 1111
  33   1        0111 1111
  34   1        1111 1110
  35   1        */
  36   1        int cnt=0;
  37   1        
  38   1        while(1){
  39   2          //if(P2==0x80){
  40   2          //  P2=~(0x01);
  41   2          //}
  42   2          if(cnt>=8){
  43   3            cnt=0;
  44   3          }
  45   2          P0=~(0x01<<cnt++);
  46   2          //P0 ~= P0+1;
  47   2          Delay500ms();
  48   2        }
  49   1      }


MODULE INFORMATION:   STATIC OVERLAYABLE
   CODE SIZE        =     56    ----
   CONSTANT SIZE    =   ----    ----
C51 COMPILER V9.60.0.0   MAIN                                                              01/10/2022 20:01:36 PAGE 2   

   XDATA SIZE       =   ----    ----
   PDATA SIZE       =   ----    ----
   DATA SIZE        =   ----    ----
   IDATA SIZE       =   ----    ----
   BIT SIZE         =   ----    ----
END OF MODULE INFORMATION.


C51 COMPILATION COMPLETE.  0 WARNING(S),  0 ERROR(S)
